<?xml version="1.0" encoding="UTF-8"?>
<testsuite name="org.example.AppTest" tests="1" skipped="0" failures="0" errors="0" timestamp="2025-02-03T08:39:10" hostname="LAINFTDM4-10" time="0.073">
  <properties/>
  <testcase name="appHasAGreeting()" classname="org.example.AppTest" time="0.073"/>
  <system-out><![CDATA[]]></system-out>
  <system-err><![CDATA[]]></system-err>
</testsuite>
